c:\users\neil\desktop\gek-spaceshooter\hapi_start\hapi_start\x64\debug\vc142.pdb
c:\users\neil\desktop\gek-spaceshooter\hapi_start\hapi_start\x64\debug\vc142.idb
c:\users\neil\desktop\gek-spaceshooter\hapi_start\hapi_start\x64\debug\visualisation.obj
c:\users\neil\desktop\gek-spaceshooter\hapi_start\hapi_start\x64\debug\rectangle.obj
c:\users\neil\desktop\gek-spaceshooter\hapi_start\hapi_start\x64\debug\player.obj
c:\users\neil\desktop\gek-spaceshooter\hapi_start\hapi_start\x64\debug\menusystem.obj
c:\users\neil\desktop\gek-spaceshooter\hapi_start\hapi_start\x64\debug\main.obj
c:\users\neil\desktop\gek-spaceshooter\hapi_start\hapi_start\x64\debug\entity.obj
c:\users\neil\desktop\gek-spaceshooter\hapi_start\hapi_start\x64\debug\enemy.obj
c:\users\neil\desktop\gek-spaceshooter\hapi_start\hapi_start\x64\debug\control.obj
c:\users\neil\desktop\gek-spaceshooter\hapi_start\hapi_start\x64\debug\bullet.obj
c:\users\neil\desktop\gek-spaceshooter\hapi_start\hapi_start\x64\debug\base.obj
c:\users\neil\desktop\gek-spaceshooter\hapi_start\hapi_start\x64\debug\world.obj
c:\users\neil\desktop\gek-spaceshooter\hapi_start\x64\debug\hapi_start.exe
c:\users\neil\desktop\gek-spaceshooter\hapi_start\x64\debug\hapi_start.ilk
c:\users\neil\desktop\gek-spaceshooter\hapi_start\x64\debug\hapi_start.pdb
c:\users\neil\desktop\gek-spaceshooter\hapi_start\hapi_start\x64\debug\hapi_start.tlog\cl.command.1.tlog
c:\users\neil\desktop\gek-spaceshooter\hapi_start\hapi_start\x64\debug\hapi_start.tlog\cl.read.1.tlog
c:\users\neil\desktop\gek-spaceshooter\hapi_start\hapi_start\x64\debug\hapi_start.tlog\cl.write.1.tlog
c:\users\neil\desktop\gek-spaceshooter\hapi_start\hapi_start\x64\debug\hapi_start.tlog\link.command.1.tlog
c:\users\neil\desktop\gek-spaceshooter\hapi_start\hapi_start\x64\debug\hapi_start.tlog\link.read.1.tlog
c:\users\neil\desktop\gek-spaceshooter\hapi_start\hapi_start\x64\debug\hapi_start.tlog\link.write.1.tlog
