  Base.cpp
  Bullet.cpp
C:\Users\v8039070\Source\HAPI_Start 1\HAPI_Start\Base.h(9,2): warning C4091:  'typedef ': ignored on left of 'ESide' when no variable is declared
  Control.cpp
C:\Users\v8039070\Source\HAPI_Start 1\HAPI_Start\Base.h(9,2): warning C4091:  'typedef ': ignored on left of 'ESide' when no variable is declared
C:\Users\v8039070\Source\HAPI_Start 1\HAPI_Start\Control.cpp(17,4): error C2059:  syntax error: '-='
C:\Users\v8039070\Source\HAPI_Start 1\HAPI_Start\Control.cpp(21,5): error C2059:  syntax error: '+='
C:\Users\v8039070\Source\HAPI_Start 1\HAPI_Start\Control.cpp(25,5): error C2059:  syntax error: '-='
C:\Users\v8039070\Source\HAPI_Start 1\HAPI_Start\Control.cpp(29,5): error C2059:  syntax error: '+='
C:\Users\v8039070\Source\HAPI_Start 1\HAPI_Start\Control.cpp(36,4): error C2059:  syntax error: '-='
C:\Users\v8039070\Source\HAPI_Start 1\HAPI_Start\Control.cpp(40,4): error C2059:  syntax error: '-='
C:\Users\v8039070\Source\HAPI_Start 1\HAPI_Start\Control.cpp(44,4): error C2059:  syntax error: '+='
  Enemy.cpp
C:\Users\v8039070\Source\HAPI_Start 1\HAPI_Start\Control.cpp(48,4): error C2059:  syntax error: '+='
  Player.cpp
C:\Users\v8039070\Source\HAPI_Start 1\HAPI_Start\Base.h(9,2): warning C4091:  'typedef ': ignored on left of 'ESide' when no variable is declared
  Visualisation.cpp
C:\Users\v8039070\Source\HAPI_Start 1\HAPI_Start\Base.h(9,2): warning C4091:  'typedef ': ignored on left of 'ESide' when no variable is declared
C:\Users\v8039070\Source\HAPI_Start 1\HAPI_Start\Base.h(9,2): warning C4091:  'typedef ': ignored on left of 'ESide' when no variable is declared
C:\Users\v8039070\Source\HAPI_Start 1\HAPI_Start\Visualisation.cpp(50,22): error C2065:  'v_ScreenWidth': undeclared identifier
C:\Users\v8039070\Source\HAPI_Start 1\HAPI_Start\Visualisation.cpp(50,38): error C2065:  'v_ScreenHeight': undeclared identifier
C:\Users\v8039070\Source\HAPI_Start 1\HAPI_Start\Visualisation.cpp(59,33): error C2065:  'v_ScreenWidth': undeclared identifier
C:\Users\v8039070\Source\HAPI_Start 1\HAPI_Start\Visualisation.cpp(59,58): error C2065:  'v_ScreenHeight': undeclared identifier
C:\Users\v8039070\Source\HAPI_Start 1\HAPI_Start\Visualisation.cpp(59,77): error C2660:  'memset': function does not take 2 arguments
C:\Program Files (x86)\Microsoft Visual Studio\2019\Enterprise\VC\Tools\MSVC\14.21.27702\include\vcruntime_string.h(60,15): message :  see declaration of 'memset'
  World.cpp
C:\Users\v8039070\Source\HAPI_Start 1\HAPI_Start\Visualisation.cpp(77,35): warning C4267:  'return': conversion from 'size_t' to 'unsigned int', possible loss of data
C:\Users\v8039070\Source\HAPI_Start 1\HAPI_Start\Base.h(9,2): warning C4091:  'typedef ': ignored on left of 'ESide' when no variable is declared
C:\Program Files (x86)\Microsoft Visual Studio\2019\Enterprise\VC\Tools\MSVC\14.21.27702\include\memory(1536,1): error C2248:  'Visualisation::~Visualisation': cannot access private member declared in class 'Visualisation'
C:\Users\v8039070\Source\HAPI_Start 1\HAPI_Start\Visualisation.h(43): message :  compiler has generated 'Visualisation::~Visualisation' here
C:\Users\v8039070\Source\HAPI_Start 1\HAPI_Start\World.h(9): message :  see declaration of 'Visualisation'
C:\Program Files (x86)\Microsoft Visual Studio\2019\Enterprise\VC\Tools\MSVC\14.21.27702\include\memory(1535): message :  while compiling class template member function 'void std::_Ref_count_obj<_Ty>::_Destroy(void) noexcept'
C:\Program Files (x86)\Microsoft Visual Studio\2019\Enterprise\VC\Tools\MSVC\14.21.27702\include\memory(1535): message :         with
C:\Program Files (x86)\Microsoft Visual Studio\2019\Enterprise\VC\Tools\MSVC\14.21.27702\include\memory(1535): message :         [
C:\Program Files (x86)\Microsoft Visual Studio\2019\Enterprise\VC\Tools\MSVC\14.21.27702\include\memory(1535): message :             _Ty=Visualisation
C:\Program Files (x86)\Microsoft Visual Studio\2019\Enterprise\VC\Tools\MSVC\14.21.27702\include\memory(1535): message :         ]
C:\Program Files (x86)\Microsoft Visual Studio\2019\Enterprise\VC\Tools\MSVC\14.21.27702\include\memory(1582): message :  see reference to class template instantiation 'std::_Ref_count_obj<_Ty>' being compiled
C:\Program Files (x86)\Microsoft Visual Studio\2019\Enterprise\VC\Tools\MSVC\14.21.27702\include\memory(1582): message :         with
C:\Program Files (x86)\Microsoft Visual Studio\2019\Enterprise\VC\Tools\MSVC\14.21.27702\include\memory(1582): message :         [
C:\Program Files (x86)\Microsoft Visual Studio\2019\Enterprise\VC\Tools\MSVC\14.21.27702\include\memory(1582): message :             _Ty=Visualisation
C:\Program Files (x86)\Microsoft Visual Studio\2019\Enterprise\VC\Tools\MSVC\14.21.27702\include\memory(1582): message :         ]
  Generating Code...
C:\Users\v8039070\Source\HAPI_Start 1\HAPI_Start\World.cpp(5): message :  see reference to function template instantiation 'std::shared_ptr<Visualisation> std::make_shared<Visualisation,>(void)' being compiled
